X = 1 X = 2 X = 3 X = 4 X = 5 false.

X = 1.

false.

X = 5 false.

X = 1,
Y = 2 X = 2,
Y = 3 X = 3,
Y = 4 X = 4,
Y = 5 false.

X = 1,
Y = 2,
Z = 3 X = 2,
Y = 3,
Z = 4 X = 3,
Y = 4,
Z = 5 false.

false.

TR = [1, 2, 3, 4, 5].

X = 1,
L = [2, 3, 4, 5] X = 2,
L = [1, 3, 4, 5] X = 3,
L = [1, 2, 4, 5] X = 4,
L = [1, 2, 3, 5] X = 5,
L = [1, 2, 3, 4] false.

false.

L = [1, 2, 3, 4, 5].

L = [5, 1, 2, 3, 4] L = [1, 5, 2, 3, 4] L = [1, 2, 5, 3, 4] L = [1, 2, 3, 5, 4] L = [1, 2, 3, 4, 5] false.

X = 4 false.

X = [5, 4, 3, 2, 1].

false.

Correct to: "palindrome([1,2,3,2,1],L)"? L = [1, 2, 3, 2, 1].

1 2 3 4 5 
true.

